#
# There is insufficient memory for the Java Runtime Environment to continue.
# Native memory allocation (malloc) failed to allocate 1048576 bytes for AllocateHeap
# Possible reasons:
#   The system is out of physical RAM or swap space
#   In 32 bit mode, the process size limit was hit
# Possible solutions:
#   Reduce memory load on the system
#   Increase physical memory or swap space
#   Check if swap backing store is full
#   Use 64 bit Java on a 64 bit OS
#   Decrease Java heap size (-Xmx/-Xms)
#   Decrease number of Java threads
#   Decrease Java thread stack sizes (-Xss)
#   Set larger code cache with -XX:ReservedCodeCacheSize=
# This output file may be truncated or incomplete.
#
#  Out of Memory Error (memory/allocation.inline.hpp:61), pid=10000, tid=9956
#
# JRE version:  (8.0_91-b15) (build )
# Java VM: Java HotSpot(TM) 64-Bit Server VM (25.91-b15 mixed mode windows-amd64 compressed oops)
# Failed to write core dump. Minidumps are not enabled by default on client versions of Windows
#

---------------  T H R E A D  ---------------

Current thread (0x00000000031d2800):  JavaThread "Unknown thread" [_thread_in_vm, id=9956, stack(0x0000000002f10000,0x0000000003010000)]

Stack: [0x0000000002f10000,0x0000000003010000]
[error occurred during error reporting (printing stack bounds), id 0xc0000005]

Native frames: (J=compiled Java code, j=interpreted, Vv=VM code, C=native code)


---------------  P R O C E S S  ---------------

Java Threads: ( => current thread )

Other Threads:

=>0x00000000031d2800 (exited) JavaThread "Unknown thread" [_thread_in_vm, id=9956, stack(0x0000000002f10000,0x0000000003010000)]

VM state:not at safepoint (normal execution)

VM Mutex/Monitor currently owned by a thread: None

Heap:
 PSYoungGen      total 76288K, used 1310K [0x000000076b300000, 0x0000000770800000, 0x00000007c0000000)
  eden space 65536K, 2% used [0x000000076b300000,0x000000076b447af0,0x000000076f300000)
  from space 10752K, 0% used [0x000000076fd80000,0x000000076fd80000,0x0000000770800000)
  to   space 10752K, 0% used [0x000000076f300000,0x000000076f300000,0x000000076fd80000)
 ParOldGen       total 175104K, used 0K [0x00000006c1800000, 0x00000006cc300000, 0x000000076b300000)
  object space 175104K, 0% used [0x00000006c1800000,0x00000006c1800000,0x00000006cc300000)
 Metaspace       used 780K, capacity 4480K, committed 4480K, reserved 1056768K
  class space    used 75K, capacity 384K, committed 384K, reserved 1048576K

Card table byte_map: [0x0000000012690000,0x0000000012e90000] byte_map_base: 0x000000000f084000

Marking Bits: (ParMarkBitMap*) 0x0000000062112f70
 Begin Bits: [0x00000000137e0000, 0x0000000017780000)
 End Bits:   [0x0000000017780000, 0x000000001b720000)

Polling page: 0x00000000010a0000

CodeCache: size=245760Kb used=328Kb max_used=328Kb free=245431Kb
 bounds [0x00000000032d0000, 0x0000000003540000, 0x00000000122d0000]
 total_blobs=58 nmethods=0 adapters=38
 compilation: enabled

Compilation events (0 events):
No events

GC Heap History (0 events):
No events

Deoptimization events (0 events):
No events

Internal exceptions (0 events):
No events

Events (10 events):
Event: 0.039 loading class java/lang/Short
Event: 0.039 loading class java/lang/Short done
Event: 0.039 loading class java/lang/Integer
Event: 0.039 loading class java/lang/Integer done
Event: 0.039 loading class java/lang/Long
Event: 0.039 loading class java/lang/Long done
Event: 0.040 loading class java/lang/NullPointerException
Event: 0.040 loading class java/lang/NullPointerException done
Event: 0.040 loading class java/lang/ArithmeticException
Event: 0.040 loading class java/lang/ArithmeticException done


Dynamic libraries:
0x00007ff636d40000 - 0x00007ff636d77000 	D:\Java\jdk1.8.0_91\bin\java.exe
0x00007ffb05280000 - 0x00007ffb05470000 	C:\WINDOWS\SYSTEM32\ntdll.dll
0x00007ffb03ec0000 - 0x00007ffb03f72000 	C:\WINDOWS\System32\KERNEL32.DLL
0x00007ffb02f10000 - 0x00007ffb031b4000 	C:\WINDOWS\System32\KERNELBASE.dll
0x00007ffb04d10000 - 0x00007ffb04db3000 	C:\WINDOWS\System32\ADVAPI32.dll
0x00007ffb051a0000 - 0x00007ffb0523e000 	C:\WINDOWS\System32\msvcrt.dll
0x00007ffb04c70000 - 0x00007ffb04d07000 	C:\WINDOWS\System32\sechost.dll
0x00007ffb04fd0000 - 0x00007ffb050f0000 	C:\WINDOWS\System32\RPCRT4.dll
0x00007ffb04600000 - 0x00007ffb04794000 	C:\WINDOWS\System32\USER32.dll
0x00007ffb031c0000 - 0x00007ffb031e1000 	C:\WINDOWS\System32\win32u.dll
0x00007ffb04ae0000 - 0x00007ffb04b06000 	C:\WINDOWS\System32\GDI32.dll
0x00007ffb02d70000 - 0x00007ffb02f05000 	C:\WINDOWS\System32\gdi32full.dll
0x00007ffb02210000 - 0x00007ffb022ae000 	C:\WINDOWS\System32\msvcp_win.dll
0x00007ffb022b0000 - 0x00007ffb023aa000 	C:\WINDOWS\System32\ucrtbase.dll
0x00007ffafc9d0000 - 0x00007ffafcc54000 	C:\WINDOWS\WinSxS\amd64_microsoft.windows.common-controls_6595b64144ccf1df_6.0.18362.900_none_e6beb9d913147d17\COMCTL32.dll
0x00007ffb047a0000 - 0x00007ffb04ad5000 	C:\WINDOWS\System32\combase.dll
0x00007ffb02cf0000 - 0x00007ffb02d70000 	C:\WINDOWS\System32\bcryptPrimitives.dll
0x00007ffb03e10000 - 0x00007ffb03e3e000 	C:\WINDOWS\System32\IMM32.DLL
0x00000000621a0000 - 0x0000000062272000 	D:\Java\jdk1.8.0_91\jre\bin\msvcr100.dll
0x0000000061900000 - 0x0000000062193000 	D:\Java\jdk1.8.0_91\jre\bin\server\jvm.dll
0x00007ffb044b0000 - 0x00007ffb044b8000 	C:\WINDOWS\System32\PSAPI.DLL
0x00007ffafec10000 - 0x00007ffafec19000 	C:\WINDOWS\SYSTEM32\WSOCK32.dll
0x00007ffaeb170000 - 0x00007ffaeb194000 	C:\WINDOWS\SYSTEM32\WINMM.dll
0x00007ffb04b30000 - 0x00007ffb04b9f000 	C:\WINDOWS\System32\WS2_32.dll
0x00007ffafb3b0000 - 0x00007ffafb3ba000 	C:\WINDOWS\SYSTEM32\VERSION.dll
0x00007ffaeb140000 - 0x00007ffaeb16d000 	C:\WINDOWS\SYSTEM32\WINMMBASE.dll
0x00007ffb023b0000 - 0x00007ffb023fa000 	C:\WINDOWS\System32\cfgmgr32.dll
0x00000000618f0000 - 0x00000000618ff000 	D:\Java\jdk1.8.0_91\jre\bin\verify.dll
0x00000000618c0000 - 0x00000000618e9000 	D:\Java\jdk1.8.0_91\jre\bin\java.dll
0x0000000061730000 - 0x0000000061765000 	D:\Java\jdk1.8.0_91\jre\bin\jdwp.dll
0x0000000061720000 - 0x0000000061728000 	D:\Java\jdk1.8.0_91\jre\bin\npt.dll
0x00000000616f0000 - 0x0000000061713000 	D:\Java\jdk1.8.0_91\jre\bin\instrument.dll
0x00000000618a0000 - 0x00000000618b6000 	D:\Java\jdk1.8.0_91\jre\bin\zip.dll

VM Arguments:
jvm_args: -agentlib:jdwp=transport=dt_socket,address=127.0.0.1:54225,suspend=y,server=n -javaagent:C:\Users\Administrator\.IntelliJIdea2018.3\system\captureAgent\debugger-agent.jar -Dfile.encoding=UTF-8 
java_command: graphs.DirectedPaths tinyDG.txt 0
java_class_path (initial): D:\Java\jdk1.8.0_91\jre\lib\charsets.jar;D:\Java\jdk1.8.0_91\jre\lib\deploy.jar;D:\Java\jdk1.8.0_91\jre\lib\ext\access-bridge-64.jar;D:\Java\jdk1.8.0_91\jre\lib\ext\cldrdata.jar;D:\Java\jdk1.8.0_91\jre\lib\ext\dnsns.jar;D:\Java\jdk1.8.0_91\jre\lib\ext\jaccess.jar;D:\Java\jdk1.8.0_91\jre\lib\ext\jfxrt.jar;D:\Java\jdk1.8.0_91\jre\lib\ext\localedata.jar;D:\Java\jdk1.8.0_91\jre\lib\ext\nashorn.jar;D:\Java\jdk1.8.0_91\jre\lib\ext\sunec.jar;D:\Java\jdk1.8.0_91\jre\lib\ext\sunjce_provider.jar;D:\Java\jdk1.8.0_91\jre\lib\ext\sunmscapi.jar;D:\Java\jdk1.8.0_91\jre\lib\ext\sunpkcs11.jar;D:\Java\jdk1.8.0_91\jre\lib\ext\zipfs.jar;D:\Java\jdk1.8.0_91\jre\lib\javaws.jar;D:\Java\jdk1.8.0_91\jre\lib\jce.jar;D:\Java\jdk1.8.0_91\jre\lib\jfr.jar;D:\Java\jdk1.8.0_91\jre\lib\jfxswt.jar;D:\Java\jdk1.8.0_91\jre\lib\jsse.jar;D:\Java\jdk1.8.0_91\jre\lib\management-agent.jar;D:\Java\jdk1.8.0_91\jre\lib\plugin.jar;D:\Java\jdk1.8.0_91\jre\lib\resources.jar;D:\Java\jdk1.8.0_91\jre\lib\rt.jar;D:\IdeaProject\algs4\target\classes;D:\Program Files\JetBrains\IntelliJ IDEA 2018.3\lib\idea_rt.jar;C:\Users\Administrator\.IntelliJIdea2018.3\system\captureAgent\debugger-agent.jar
Launcher Type: SUN_STANDARD

Environment Variables:
JAVA_HOME=D:\Java\jdk1.8.0_91\
CLASSPATH=.;D:\Java\jdk1.8.0_91\\bin\lib\dt.jar;D:\Java\jdk1.8.0_91\\bin\lib\tools.jar
PATH=E:\Program Files (x86)\XShell\;C:\Program Files (x86)\Common Files\Oracle\Java\javapath;C:\ProgramData\DockerDesktop\version-bin;C:\Program Files\Docker\Docker\Resources\bin;C:\ProgramData\Oracle\Java\javapath;C:\WINDOWS\system32;C:\WINDOWS;C:\WINDOWS\System32\Wbem;C:\WINDOWS\System32\WindowsPowerShell\v1.0\;C:\WINDOWS\System32\OpenSSH\;SIMPLIFIED Chinese_CHINA.ZHS16GBK;D:\gradle-3.5\bin;D:\Program Files\Git\cmd;C:\Users\Administrator\Downloads\graalvm-ce-windows-amd64-19.2.1\graalvm-ce-19.2.1\bin;D:\Java\jdk1.8.0_91\bin;D:\Java\jdk1.8.0_91\jre\bin;c:\Go\bin;D:\apache-maven-3.6.0\bin\bin;C:\apache-storm-1.1.2\bin;E:\Program Files\TortoiseSVN\bin;C:\Program Files (x86)\Microsoft VS Code\bin;D:\apache-maven-3.6.0\bin;C:\Program Files\CMake\bin;C:\Program Files\i686-8.1.0-release-posix-dwarf-rt_v6-rev0\mingw32\bin;C:\Users\Administrator\Downloads\graalvm-ce-windows-amd64-19.2.1\graalvm-ce-19.2.1\bin;C:\ProgramData\DockerDesktop\version-bin;C:\Program Files\Docker\Docker\Resources\bin;C:\ProgramData\Oracle\Java\javapath;C:\WINDOWS\system32;C:\WINDOWS;C:\WINDOWS\System32\Wbem;C:\WINDOWS\System32\WindowsPowerShell\v1.0\;C:\WINDOWS\System32\OpenSSH\;SIMPLIFIED Chinese_CHINA.ZHS16GBK;D:\gradle-3.5\bin;D:\Program Files\Git\cmd;D:\Java\jdk1.8.0_91\bin;D:\Java\jdk1.8.0_91\jre\bin;c:\Go\bin;D:\apache-maven-3.6.0\bin\bin;C:\apache-storm-1.1.2\bin;E:\Program Files\TortoiseSVN\bin;C:\Program Files (x86)\Microsoft VS Code\bin;D:\apache-maven-3.6.0\bin;C:\Users\Administrator\AppData\Local\Programs\Python\Python37-32\Scripts\;C:\Users\Administrator\AppData\Local\Programs\Python\Python37-32\;C:\Users\Administrator\AppData\Local\Microsoft\WindowsApps;C:\Users\Administrator\go\bin;C:\Users\Administrator\AppData\Local\atom\bin
USERNAME=Administrator
OS=Windows_NT
PROCESSOR_IDENTIFIER=Intel64 Family 6 Model 60 Stepping 3, GenuineIntel



---------------  S Y S T E M  ---------------

OS: Windows 10.0 , 64 bit Build 18362 (10.0.18362.900)

CPU:total 4 (2 cores per cpu, 2 threads per core) family 6 model 60 stepping 3, cmov, cx8, fxsr, mmx, sse, sse2, sse3, ssse3, sse4.1, sse4.2, popcnt, avx, avx2, aes, clmul, erms, lzcnt, ht, tsc, tscinvbit, bmi1, bmi2

Memory: 4k page, physical 16675232k(5113784k free), swap 29466524k(5476k free)

vm_info: Java HotSpot(TM) 64-Bit Server VM (25.91-b15) for windows-amd64 JRE (1.8.0_91-b15), built on May 20 2016 17:43:15 by "java_re" with MS VC++ 10.0 (VS2010)

time: Mon Jul 13 10:44:47 2020
elapsed time: 0 seconds (0d 0h 0m 0s)

